{
  "stats": {
    "suites": 3,
    "tests": 3,
    "passes": 3,
    "pending": 0,
    "failures": 0,
    "start": "2023-04-27T04:24:04.355Z",
    "end": "2023-04-27T04:24:04.426Z",
    "duration": 71,
    "testsRegistered": 3,
    "passPercent": 100,
    "pendingPercent": 0,
    "other": 0,
    "hasOther": false,
    "skipped": 0,
    "hasSkipped": false
  },
  "results": [
    {
      "uuid": "1249c63b-f118-4bfd-be6c-ed9fef1ffe21",
      "title": "",
      "fullFile": "",
      "file": "",
      "beforeHooks": [],
      "afterHooks": [],
      "tests": [],
      "suites": [
        {
          "uuid": "639c11f9-ddbb-43cb-8669-4d7511365803",
          "title": "Users API",
          "fullFile": "C:\\newton\\Routes2\\Routes2\\__tests__\\test.js",
          "file": "\\__tests__\\test.js",
          "beforeHooks": [],
          "afterHooks": [],
          "tests": [],
          "suites": [
            {
              "uuid": "d43817f8-9eab-4b24-9c79-249ca042a9db",
              "title": "GET /api/v1/users",
              "fullFile": "C:\\newton\\Routes2\\Routes2\\__tests__\\test.js",
              "file": "\\__tests__\\test.js",
              "beforeHooks": [],
              "afterHooks": [],
              "tests": [
                {
                  "title": "GET /api/v1/users It should get all the users",
                  "fullTitle": "Users API GET /api/v1/users GET /api/v1/users It should get all the users",
                  "timedOut": false,
                  "duration": 34,
                  "state": "passed",
                  "speed": "fast",
                  "pass": true,
                  "fail": false,
                  "pending": false,
                  "context": null,
                  "code": "chai.request(server)\n  .get('/api/v1/users')\n  .end((err, res) => {\n    res.should.have.status(200);\n    res.body.should.be.a('object');\n    res.body.should.have.property('status').eq('success');\n    res.body.data.user.should.be.a('array');\n    done();\n  });",
                  "err": {},
                  "uuid": "0740847e-1ac5-4654-ad86-5f91db46be65",
                  "parentUUID": "d43817f8-9eab-4b24-9c79-249ca042a9db",
                  "isHook": false,
                  "skipped": false
                }
              ],
              "suites": [],
              "passes": [
                "0740847e-1ac5-4654-ad86-5f91db46be65"
              ],
              "failures": [],
              "pending": [],
              "skipped": [],
              "duration": 34,
              "root": false,
              "rootEmpty": false,
              "_timeout": 60000
            }
          ],
          "passes": [],
          "failures": [],
          "pending": [],
          "skipped": [],
          "duration": 0,
          "root": false,
          "rootEmpty": false,
          "_timeout": 60000
        },
        {
          "uuid": "73bbcd15-12bd-4d2f-9493-8c7a4a1c113e",
          "title": "POST /api/v1/users",
          "fullFile": "C:\\newton\\Routes2\\Routes2\\__tests__\\test.js",
          "file": "\\__tests__\\test.js",
          "beforeHooks": [],
          "afterHooks": [],
          "tests": [
            {
              "title": "POST /api/v1/users should add a new user",
              "fullTitle": "POST /api/v1/users POST /api/v1/users should add a new user",
              "timedOut": false,
              "duration": 19,
              "state": "passed",
              "speed": "fast",
              "pass": true,
              "fail": false,
              "pending": false,
              "context": null,
              "code": "const newUser = {\n  name:'Jass',\n  number: 976897979,\n  mail: 'hjnkbi@gmail.com',\n};\nchai\n  .request(server)\n  .post('/api/v1/users')\n  .send(newUser)\n  .end((err, res) => {\n    res.should.have.status(201);\n    res.body.should.be.an('object');\n    expect(res.body.data.users.name).to.equal('Jass');\n    done();\n  });",
              "err": {},
              "uuid": "c82eac9c-c826-444c-acf5-aa9854b89066",
              "parentUUID": "73bbcd15-12bd-4d2f-9493-8c7a4a1c113e",
              "isHook": false,
              "skipped": false
            },
            {
              "title": "POST /api/v1/users It should return an error if user name, number or mail is missing during creation",
              "fullTitle": "POST /api/v1/users POST /api/v1/users It should return an error if user name, number or mail is missing during creation",
              "timedOut": false,
              "duration": 4,
              "state": "passed",
              "speed": "fast",
              "pass": true,
              "fail": false,
              "pending": false,
              "context": null,
              "code": "const res = await chai\n  .request(server)\n  .post('/api/v1/users')\n  .send({ name: 'Jass', number:987696 });\nexpect(res.status).to.equal(404);\nexpect(res.body.status).to.equal('Error');\nexpect(res.body.message).to.equal('Name, number and mail are required');",
              "err": {},
              "uuid": "ffed3fca-941d-4cf3-9201-df13c499cd6c",
              "parentUUID": "73bbcd15-12bd-4d2f-9493-8c7a4a1c113e",
              "isHook": false,
              "skipped": false
            }
          ],
          "suites": [],
          "passes": [
            "c82eac9c-c826-444c-acf5-aa9854b89066",
            "ffed3fca-941d-4cf3-9201-df13c499cd6c"
          ],
          "failures": [],
          "pending": [],
          "skipped": [],
          "duration": 23,
          "root": false,
          "rootEmpty": false,
          "_timeout": 60000
        }
      ],
      "passes": [],
      "failures": [],
      "pending": [],
      "skipped": [],
      "duration": 0,
      "root": true,
      "rootEmpty": true,
      "_timeout": 60000
    }
  ],
  "meta": {
    "mocha": {
      "version": "8.2.1"
    },
    "mochawesome": {
      "options": {
        "quiet": false,
        "reportFilename": "mochawesome",
        "saveHtml": true,
        "saveJson": true,
        "consoleReporter": "spec",
        "useInlineDiffs": false,
        "code": true
      },
      "version": "6.2.1"
    },
    "marge": {
      "options": null,
      "version": "5.1.0"
    }
  }
}